<?xml version="1.0" encoding="UTF-8"?>
<!-- Generated by org.testng.reporters.JUnitReportReporter -->
<testsuite hostname="Pranav" failures="0" tests="1" name="orangehrm.tests.Dashboard_tc" time="5.123" errors="0" timestamp="2024-09-25T19:48:41 IST" skipped="0">
  <testcase classname="orangehrm.tests.Dashboard_tc" name="AttendanceFLow" time="5.123"/>
  <system-out/>
</testsuite> <!-- orangehrm.tests.Dashboard_tc -->
