<?xml version="1.0" encoding="UTF-8"?>
<!-- Generated by org.testng.reporters.JUnitReportReporter -->
<testsuite hostname="Pranav" failures="0" tests="1" name="orangehrm.tests.LoginPage_tc" time="1.861" errors="0" timestamp="2024-09-24T19:21:03 IST" skipped="0">
  <testcase classname="orangehrm.tests.LoginPage_tc" name="verifyLogin" time="1.861"/>
  <system-out/>
</testsuite> <!-- orangehrm.tests.LoginPage_tc -->
